2025-10-03 09:39:54,183: Watching for file changes with StatReloader
2025-10-03 09:40:10,659: Not Found: /favicon.ico
2025-10-03 09:41:10,089: Created 2,339 records
2025-10-03 09:41:11,542: Created 891 records
2025-10-03 09:41:11,611: Created 891 records
2025-10-03 09:41:11,612: updateData/shp/polymean.shp is Created
2025-10-03 09:41:47,237: Created 2,339 records
2025-10-03 09:41:48,361: Created 891 records
2025-10-03 09:41:48,405: Created 891 records
2025-10-03 09:41:48,406: updateData/shp/polymean.shp is Created
2025-10-06 13:26:42,502: Watching for file changes with StatReloader
2025-10-06 13:27:14,197: Internal Server Error: /
Traceback (most recent call last):
  File "/home/mohammad/w/AmlakNama/venv/lib/python3.12/site-packages/pandas/core/computation/scope.py", line 231, in resolve
    return self.resolvers[key]
           ~~~~~~~~~~~~~~^^^^^
  File "/usr/lib/python3.12/collections/__init__.py", line 1015, in __getitem__
    return self.__missing__(key)            # support subclasses that define __missing__
           ^^^^^^^^^^^^^^^^^^^^^
  File "/usr/lib/python3.12/collections/__init__.py", line 1007, in __missing__
    raise KeyError(key)
KeyError: 'landuse'

During handling of the above exception, another exception occurred:

Traceback (most recent call last):
  File "/home/mohammad/w/AmlakNama/venv/lib/python3.12/site-packages/pandas/core/computation/scope.py", line 242, in resolve
    return self.temps[key]
           ~~~~~~~~~~^^^^^
KeyError: 'landuse'

The above exception was the direct cause of the following exception:

Traceback (most recent call last):
  File "/home/mohammad/w/AmlakNama/venv/lib/python3.12/site-packages/django/core/handlers/exception.py", line 55, in inner
    response = get_response(request)
               ^^^^^^^^^^^^^^^^^^^^^
  File "/home/mohammad/w/AmlakNama/venv/lib/python3.12/site-packages/django/core/handlers/base.py", line 197, in _get_response
    response = wrapped_callback(request, *callback_args, **callback_kwargs)
               ^^^^^^^^^^^^^^^^^^^^^^^^^^^^^^^^^^^^^^^^^^^^^^^^^^^^^^^^^^^^
  File "/home/mohammad/w/AmlakNama/venv/lib/python3.12/site-packages/django/views/decorators/csrf.py", line 65, in _view_wrapper
    return view_func(request, *args, **kwargs)
           ^^^^^^^^^^^^^^^^^^^^^^^^^^^^^^^^^^^
  File "/home/mohammad/w/AmlakNama/venv/lib/python3.12/site-packages/django/views/generic/base.py", line 104, in view
    return self.dispatch(request, *args, **kwargs)
           ^^^^^^^^^^^^^^^^^^^^^^^^^^^^^^^^^^^^^^^
  File "/home/mohammad/w/AmlakNama/venv/lib/python3.12/site-packages/rest_framework/views.py", line 515, in dispatch
    response = self.handle_exception(exc)
               ^^^^^^^^^^^^^^^^^^^^^^^^^^
  File "/home/mohammad/w/AmlakNama/venv/lib/python3.12/site-packages/rest_framework/views.py", line 475, in handle_exception
    self.raise_uncaught_exception(exc)
  File "/home/mohammad/w/AmlakNama/venv/lib/python3.12/site-packages/rest_framework/views.py", line 486, in raise_uncaught_exception
    raise exc
  File "/home/mohammad/w/AmlakNama/venv/lib/python3.12/site-packages/rest_framework/views.py", line 512, in dispatch
    response = handler(request, *args, **kwargs)
               ^^^^^^^^^^^^^^^^^^^^^^^^^^^^^^^^^
  File "/home/mohammad/w/AmlakNama/explore/views.py", line 26, in get
    map = createmap(
          ^^^^^^^^^^
  File "/home/mohammad/w/AmlakNama/explore/services.py", line 52, in createmap
    mp = Pgdf.query(f'landuse == "{lu}" and ptype == "{typ}"'+ txt)
         ^^^^^^^^^^^^^^^^^^^^^^^^^^^^^^^^^^^^^^^^^^^^^^^^^^^^^^^^^^
  File "/home/mohammad/w/AmlakNama/venv/lib/python3.12/site-packages/pandas/core/frame.py", line 4823, in query
    res = self.eval(expr, **kwargs)
          ^^^^^^^^^^^^^^^^^^^^^^^^^
  File "/home/mohammad/w/AmlakNama/venv/lib/python3.12/site-packages/pandas/core/frame.py", line 4949, in eval
    return _eval(expr, inplace=inplace, **kwargs)
           ^^^^^^^^^^^^^^^^^^^^^^^^^^^^^^^^^^^^^^
  File "/home/mohammad/w/AmlakNama/venv/lib/python3.12/site-packages/pandas/core/computation/eval.py", line 336, in eval
    parsed_expr = Expr(expr, engine=engine, parser=parser, env=env)
                  ^^^^^^^^^^^^^^^^^^^^^^^^^^^^^^^^^^^^^^^^^^^^^^^^^
  File "/home/mohammad/w/AmlakNama/venv/lib/python3.12/site-packages/pandas/core/computation/expr.py", line 805, in __init__
    self.terms = self.parse()
                 ^^^^^^^^^^^^
  File "/home/mohammad/w/AmlakNama/venv/lib/python3.12/site-packages/pandas/core/computation/expr.py", line 824, in parse
    return self._visitor.visit(self.expr)
           ^^^^^^^^^^^^^^^^^^^^^^^^^^^^^^
  File "/home/mohammad/w/AmlakNama/venv/lib/python3.12/site-packages/pandas/core/computation/expr.py", line 411, in visit
    return visitor(node, **kwargs)
           ^^^^^^^^^^^^^^^^^^^^^^^
  File "/home/mohammad/w/AmlakNama/venv/lib/python3.12/site-packages/pandas/core/computation/expr.py", line 417, in visit_Module
    return self.visit(expr, **kwargs)
           ^^^^^^^^^^^^^^^^^^^^^^^^^^
  File "/home/mohammad/w/AmlakNama/venv/lib/python3.12/site-packages/pandas/core/computation/expr.py", line 411, in visit
    return visitor(node, **kwargs)
           ^^^^^^^^^^^^^^^^^^^^^^^
  File "/home/mohammad/w/AmlakNama/venv/lib/python3.12/site-packages/pandas/core/computation/expr.py", line 420, in visit_Expr
    return self.visit(node.value, **kwargs)
           ^^^^^^^^^^^^^^^^^^^^^^^^^^^^^^^^
  File "/home/mohammad/w/AmlakNama/venv/lib/python3.12/site-packages/pandas/core/computation/expr.py", line 411, in visit
    return visitor(node, **kwargs)
           ^^^^^^^^^^^^^^^^^^^^^^^
  File "/home/mohammad/w/AmlakNama/venv/lib/python3.12/site-packages/pandas/core/computation/expr.py", line 742, in visit_BoolOp
    return reduce(visitor, operands)
           ^^^^^^^^^^^^^^^^^^^^^^^^^
  File "/home/mohammad/w/AmlakNama/venv/lib/python3.12/site-packages/pandas/core/computation/expr.py", line 735, in visitor
    lhs = self._try_visit_binop(x)
          ^^^^^^^^^^^^^^^^^^^^^^^^
  File "/home/mohammad/w/AmlakNama/venv/lib/python3.12/site-packages/pandas/core/computation/expr.py", line 731, in _try_visit_binop
    return self.visit(bop)
           ^^^^^^^^^^^^^^^
  File "/home/mohammad/w/AmlakNama/venv/lib/python3.12/site-packages/pandas/core/computation/expr.py", line 411, in visit
    return visitor(node, **kwargs)
           ^^^^^^^^^^^^^^^^^^^^^^^
  File "/home/mohammad/w/AmlakNama/venv/lib/python3.12/site-packages/pandas/core/computation/expr.py", line 715, in visit_Compare
    return self.visit(binop)
           ^^^^^^^^^^^^^^^^^
  File "/home/mohammad/w/AmlakNama/venv/lib/python3.12/site-packages/pandas/core/computation/expr.py", line 411, in visit
    return visitor(node, **kwargs)
           ^^^^^^^^^^^^^^^^^^^^^^^
  File "/home/mohammad/w/AmlakNama/venv/lib/python3.12/site-packages/pandas/core/computation/expr.py", line 531, in visit_BinOp
    op, op_class, left, right = self._maybe_transform_eq_ne(node)
                                ^^^^^^^^^^^^^^^^^^^^^^^^^^^^^^^^^
  File "/home/mohammad/w/AmlakNama/venv/lib/python3.12/site-packages/pandas/core/computation/expr.py", line 451, in _maybe_transform_eq_ne
    left = self.visit(node.left, side="left")
           ^^^^^^^^^^^^^^^^^^^^^^^^^^^^^^^^^^
  File "/home/mohammad/w/AmlakNama/venv/lib/python3.12/site-packages/pandas/core/computation/expr.py", line 411, in visit
    return visitor(node, **kwargs)
           ^^^^^^^^^^^^^^^^^^^^^^^
  File "/home/mohammad/w/AmlakNama/venv/lib/python3.12/site-packages/pandas/core/computation/expr.py", line 541, in visit_Name
    return self.term_type(node.id, self.env, **kwargs)
           ^^^^^^^^^^^^^^^^^^^^^^^^^^^^^^^^^^^^^^^^^^^
  File "/home/mohammad/w/AmlakNama/venv/lib/python3.12/site-packages/pandas/core/computation/ops.py", line 91, in __init__
    self._value = self._resolve_name()
                  ^^^^^^^^^^^^^^^^^^^^
  File "/home/mohammad/w/AmlakNama/venv/lib/python3.12/site-packages/pandas/core/computation/ops.py", line 115, in _resolve_name
    res = self.env.resolve(local_name, is_local=is_local)
          ^^^^^^^^^^^^^^^^^^^^^^^^^^^^^^^^^^^^^^^^^^^^^^^
  File "/home/mohammad/w/AmlakNama/venv/lib/python3.12/site-packages/pandas/core/computation/scope.py", line 244, in resolve
    raise UndefinedVariableError(key, is_local) from err
pandas.errors.UndefinedVariableError: name 'landuse' is not defined
2025-10-06 13:28:35,365: /home/mohammad/w/AmlakNama/explore/services.py changed, reloading.
2025-10-06 13:28:36,417: Watching for file changes with StatReloader
2025-10-06 13:28:40,433: Internal Server Error: /
Traceback (most recent call last):
  File "/home/mohammad/w/AmlakNama/venv/lib/python3.12/site-packages/pandas/core/computation/scope.py", line 231, in resolve
    return self.resolvers[key]
           ~~~~~~~~~~~~~~^^^^^
  File "/usr/lib/python3.12/collections/__init__.py", line 1015, in __getitem__
    return self.__missing__(key)            # support subclasses that define __missing__
           ^^^^^^^^^^^^^^^^^^^^^
  File "/usr/lib/python3.12/collections/__init__.py", line 1007, in __missing__
    raise KeyError(key)
KeyError: 'landuse'

During handling of the above exception, another exception occurred:

Traceback (most recent call last):
  File "/home/mohammad/w/AmlakNama/venv/lib/python3.12/site-packages/pandas/core/computation/scope.py", line 242, in resolve
    return self.temps[key]
           ~~~~~~~~~~^^^^^
KeyError: 'landuse'

The above exception was the direct cause of the following exception:

Traceback (most recent call last):
  File "/home/mohammad/w/AmlakNama/venv/lib/python3.12/site-packages/django/core/handlers/exception.py", line 55, in inner
    response = get_response(request)
               ^^^^^^^^^^^^^^^^^^^^^
  File "/home/mohammad/w/AmlakNama/venv/lib/python3.12/site-packages/django/core/handlers/base.py", line 197, in _get_response
    response = wrapped_callback(request, *callback_args, **callback_kwargs)
               ^^^^^^^^^^^^^^^^^^^^^^^^^^^^^^^^^^^^^^^^^^^^^^^^^^^^^^^^^^^^
  File "/home/mohammad/w/AmlakNama/venv/lib/python3.12/site-packages/django/views/decorators/csrf.py", line 65, in _view_wrapper
    return view_func(request, *args, **kwargs)
           ^^^^^^^^^^^^^^^^^^^^^^^^^^^^^^^^^^^
  File "/home/mohammad/w/AmlakNama/venv/lib/python3.12/site-packages/django/views/generic/base.py", line 104, in view
    return self.dispatch(request, *args, **kwargs)
           ^^^^^^^^^^^^^^^^^^^^^^^^^^^^^^^^^^^^^^^
  File "/home/mohammad/w/AmlakNama/venv/lib/python3.12/site-packages/rest_framework/views.py", line 515, in dispatch
    response = self.handle_exception(exc)
               ^^^^^^^^^^^^^^^^^^^^^^^^^^
  File "/home/mohammad/w/AmlakNama/venv/lib/python3.12/site-packages/rest_framework/views.py", line 475, in handle_exception
    self.raise_uncaught_exception(exc)
  File "/home/mohammad/w/AmlakNama/venv/lib/python3.12/site-packages/rest_framework/views.py", line 486, in raise_uncaught_exception
    raise exc
  File "/home/mohammad/w/AmlakNama/venv/lib/python3.12/site-packages/rest_framework/views.py", line 512, in dispatch
    response = handler(request, *args, **kwargs)
               ^^^^^^^^^^^^^^^^^^^^^^^^^^^^^^^^^
  File "/home/mohammad/w/AmlakNama/explore/views.py", line 26, in get
    map = createmap(
          ^^^^^^^^^^
  File "/home/mohammad/w/AmlakNama/explore/services.py", line 52, in createmap
    mp = Pgdf.query(f'landuse == "{lu}" and ptype == "{typ}"'+ txt)
         ^^^^^^^^^^^^^^^^^^^^^^^^^^^^^^^^^^^^^^^^^^^^^^^^^^^^^^^^^^
  File "/home/mohammad/w/AmlakNama/venv/lib/python3.12/site-packages/pandas/core/frame.py", line 4823, in query
    res = self.eval(expr, **kwargs)
          ^^^^^^^^^^^^^^^^^^^^^^^^^
  File "/home/mohammad/w/AmlakNama/venv/lib/python3.12/site-packages/pandas/core/frame.py", line 4949, in eval
    return _eval(expr, inplace=inplace, **kwargs)
           ^^^^^^^^^^^^^^^^^^^^^^^^^^^^^^^^^^^^^^
  File "/home/mohammad/w/AmlakNama/venv/lib/python3.12/site-packages/pandas/core/computation/eval.py", line 336, in eval
    parsed_expr = Expr(expr, engine=engine, parser=parser, env=env)
                  ^^^^^^^^^^^^^^^^^^^^^^^^^^^^^^^^^^^^^^^^^^^^^^^^^
  File "/home/mohammad/w/AmlakNama/venv/lib/python3.12/site-packages/pandas/core/computation/expr.py", line 805, in __init__
    self.terms = self.parse()
                 ^^^^^^^^^^^^
  File "/home/mohammad/w/AmlakNama/venv/lib/python3.12/site-packages/pandas/core/computation/expr.py", line 824, in parse
    return self._visitor.visit(self.expr)
           ^^^^^^^^^^^^^^^^^^^^^^^^^^^^^^
  File "/home/mohammad/w/AmlakNama/venv/lib/python3.12/site-packages/pandas/core/computation/expr.py", line 411, in visit
    return visitor(node, **kwargs)
           ^^^^^^^^^^^^^^^^^^^^^^^
  File "/home/mohammad/w/AmlakNama/venv/lib/python3.12/site-packages/pandas/core/computation/expr.py", line 417, in visit_Module
    return self.visit(expr, **kwargs)
           ^^^^^^^^^^^^^^^^^^^^^^^^^^
  File "/home/mohammad/w/AmlakNama/venv/lib/python3.12/site-packages/pandas/core/computation/expr.py", line 411, in visit
    return visitor(node, **kwargs)
           ^^^^^^^^^^^^^^^^^^^^^^^
  File "/home/mohammad/w/AmlakNama/venv/lib/python3.12/site-packages/pandas/core/computation/expr.py", line 420, in visit_Expr
    return self.visit(node.value, **kwargs)
           ^^^^^^^^^^^^^^^^^^^^^^^^^^^^^^^^
  File "/home/mohammad/w/AmlakNama/venv/lib/python3.12/site-packages/pandas/core/computation/expr.py", line 411, in visit
    return visitor(node, **kwargs)
           ^^^^^^^^^^^^^^^^^^^^^^^
  File "/home/mohammad/w/AmlakNama/venv/lib/python3.12/site-packages/pandas/core/computation/expr.py", line 742, in visit_BoolOp
    return reduce(visitor, operands)
           ^^^^^^^^^^^^^^^^^^^^^^^^^
  File "/home/mohammad/w/AmlakNama/venv/lib/python3.12/site-packages/pandas/core/computation/expr.py", line 735, in visitor
    lhs = self._try_visit_binop(x)
          ^^^^^^^^^^^^^^^^^^^^^^^^
  File "/home/mohammad/w/AmlakNama/venv/lib/python3.12/site-packages/pandas/core/computation/expr.py", line 731, in _try_visit_binop
    return self.visit(bop)
           ^^^^^^^^^^^^^^^
  File "/home/mohammad/w/AmlakNama/venv/lib/python3.12/site-packages/pandas/core/computation/expr.py", line 411, in visit
    return visitor(node, **kwargs)
           ^^^^^^^^^^^^^^^^^^^^^^^
  File "/home/mohammad/w/AmlakNama/venv/lib/python3.12/site-packages/pandas/core/computation/expr.py", line 715, in visit_Compare
    return self.visit(binop)
           ^^^^^^^^^^^^^^^^^
  File "/home/mohammad/w/AmlakNama/venv/lib/python3.12/site-packages/pandas/core/computation/expr.py", line 411, in visit
    return visitor(node, **kwargs)
           ^^^^^^^^^^^^^^^^^^^^^^^
  File "/home/mohammad/w/AmlakNama/venv/lib/python3.12/site-packages/pandas/core/computation/expr.py", line 531, in visit_BinOp
    op, op_class, left, right = self._maybe_transform_eq_ne(node)
                                ^^^^^^^^^^^^^^^^^^^^^^^^^^^^^^^^^
  File "/home/mohammad/w/AmlakNama/venv/lib/python3.12/site-packages/pandas/core/computation/expr.py", line 451, in _maybe_transform_eq_ne
    left = self.visit(node.left, side="left")
           ^^^^^^^^^^^^^^^^^^^^^^^^^^^^^^^^^^
  File "/home/mohammad/w/AmlakNama/venv/lib/python3.12/site-packages/pandas/core/computation/expr.py", line 411, in visit
    return visitor(node, **kwargs)
           ^^^^^^^^^^^^^^^^^^^^^^^
  File "/home/mohammad/w/AmlakNama/venv/lib/python3.12/site-packages/pandas/core/computation/expr.py", line 541, in visit_Name
    return self.term_type(node.id, self.env, **kwargs)
           ^^^^^^^^^^^^^^^^^^^^^^^^^^^^^^^^^^^^^^^^^^^
  File "/home/mohammad/w/AmlakNama/venv/lib/python3.12/site-packages/pandas/core/computation/ops.py", line 91, in __init__
    self._value = self._resolve_name()
                  ^^^^^^^^^^^^^^^^^^^^
  File "/home/mohammad/w/AmlakNama/venv/lib/python3.12/site-packages/pandas/core/computation/ops.py", line 115, in _resolve_name
    res = self.env.resolve(local_name, is_local=is_local)
          ^^^^^^^^^^^^^^^^^^^^^^^^^^^^^^^^^^^^^^^^^^^^^^^
  File "/home/mohammad/w/AmlakNama/venv/lib/python3.12/site-packages/pandas/core/computation/scope.py", line 244, in resolve
    raise UndefinedVariableError(key, is_local) from err
pandas.errors.UndefinedVariableError: name 'landuse' is not defined
2025-10-06 13:29:42,264: /home/mohammad/w/AmlakNama/explore/services.py changed, reloading.
2025-10-06 13:29:43,410: Watching for file changes with StatReloader
2025-10-06 13:29:48,508: Internal Server Error: /
Traceback (most recent call last):
  File "/home/mohammad/w/AmlakNama/venv/lib/python3.12/site-packages/pandas/core/computation/scope.py", line 231, in resolve
    return self.resolvers[key]
           ~~~~~~~~~~~~~~^^^^^
  File "/usr/lib/python3.12/collections/__init__.py", line 1015, in __getitem__
    return self.__missing__(key)            # support subclasses that define __missing__
           ^^^^^^^^^^^^^^^^^^^^^
  File "/usr/lib/python3.12/collections/__init__.py", line 1007, in __missing__
    raise KeyError(key)
KeyError: 'landuse'

During handling of the above exception, another exception occurred:

Traceback (most recent call last):
  File "/home/mohammad/w/AmlakNama/venv/lib/python3.12/site-packages/pandas/core/computation/scope.py", line 242, in resolve
    return self.temps[key]
           ~~~~~~~~~~^^^^^
KeyError: 'landuse'

The above exception was the direct cause of the following exception:

Traceback (most recent call last):
  File "/home/mohammad/w/AmlakNama/venv/lib/python3.12/site-packages/django/core/handlers/exception.py", line 55, in inner
    response = get_response(request)
               ^^^^^^^^^^^^^^^^^^^^^
  File "/home/mohammad/w/AmlakNama/venv/lib/python3.12/site-packages/django/core/handlers/base.py", line 197, in _get_response
    response = wrapped_callback(request, *callback_args, **callback_kwargs)
               ^^^^^^^^^^^^^^^^^^^^^^^^^^^^^^^^^^^^^^^^^^^^^^^^^^^^^^^^^^^^
  File "/home/mohammad/w/AmlakNama/venv/lib/python3.12/site-packages/django/views/decorators/csrf.py", line 65, in _view_wrapper
    return view_func(request, *args, **kwargs)
           ^^^^^^^^^^^^^^^^^^^^^^^^^^^^^^^^^^^
  File "/home/mohammad/w/AmlakNama/venv/lib/python3.12/site-packages/django/views/generic/base.py", line 104, in view
    return self.dispatch(request, *args, **kwargs)
           ^^^^^^^^^^^^^^^^^^^^^^^^^^^^^^^^^^^^^^^
  File "/home/mohammad/w/AmlakNama/venv/lib/python3.12/site-packages/rest_framework/views.py", line 515, in dispatch
    response = self.handle_exception(exc)
               ^^^^^^^^^^^^^^^^^^^^^^^^^^
  File "/home/mohammad/w/AmlakNama/venv/lib/python3.12/site-packages/rest_framework/views.py", line 475, in handle_exception
    self.raise_uncaught_exception(exc)
  File "/home/mohammad/w/AmlakNama/venv/lib/python3.12/site-packages/rest_framework/views.py", line 486, in raise_uncaught_exception
    raise exc
  File "/home/mohammad/w/AmlakNama/venv/lib/python3.12/site-packages/rest_framework/views.py", line 512, in dispatch
    response = handler(request, *args, **kwargs)
               ^^^^^^^^^^^^^^^^^^^^^^^^^^^^^^^^^
  File "/home/mohammad/w/AmlakNama/explore/views.py", line 26, in get
    map = createmap(
          ^^^^^^^^^^
  File "/home/mohammad/w/AmlakNama/explore/services.py", line 52, in createmap
    mp = Pgdf.query(f'landuse == "{lu}" and ptype == "{typ}"'+ txt)
         ^^^^^^^^^^^^^^^^^^^^^^^^^^^^^^^^^^^^^^^^^^^^^^^^^^^^^^^^^^
  File "/home/mohammad/w/AmlakNama/venv/lib/python3.12/site-packages/pandas/core/frame.py", line 4823, in query
    res = self.eval(expr, **kwargs)
          ^^^^^^^^^^^^^^^^^^^^^^^^^
  File "/home/mohammad/w/AmlakNama/venv/lib/python3.12/site-packages/pandas/core/frame.py", line 4949, in eval
    return _eval(expr, inplace=inplace, **kwargs)
           ^^^^^^^^^^^^^^^^^^^^^^^^^^^^^^^^^^^^^^
  File "/home/mohammad/w/AmlakNama/venv/lib/python3.12/site-packages/pandas/core/computation/eval.py", line 336, in eval
    parsed_expr = Expr(expr, engine=engine, parser=parser, env=env)
                  ^^^^^^^^^^^^^^^^^^^^^^^^^^^^^^^^^^^^^^^^^^^^^^^^^
  File "/home/mohammad/w/AmlakNama/venv/lib/python3.12/site-packages/pandas/core/computation/expr.py", line 805, in __init__
    self.terms = self.parse()
                 ^^^^^^^^^^^^
  File "/home/mohammad/w/AmlakNama/venv/lib/python3.12/site-packages/pandas/core/computation/expr.py", line 824, in parse
    return self._visitor.visit(self.expr)
           ^^^^^^^^^^^^^^^^^^^^^^^^^^^^^^
  File "/home/mohammad/w/AmlakNama/venv/lib/python3.12/site-packages/pandas/core/computation/expr.py", line 411, in visit
    return visitor(node, **kwargs)
           ^^^^^^^^^^^^^^^^^^^^^^^
  File "/home/mohammad/w/AmlakNama/venv/lib/python3.12/site-packages/pandas/core/computation/expr.py", line 417, in visit_Module
    return self.visit(expr, **kwargs)
           ^^^^^^^^^^^^^^^^^^^^^^^^^^
  File "/home/mohammad/w/AmlakNama/venv/lib/python3.12/site-packages/pandas/core/computation/expr.py", line 411, in visit
    return visitor(node, **kwargs)
           ^^^^^^^^^^^^^^^^^^^^^^^
  File "/home/mohammad/w/AmlakNama/venv/lib/python3.12/site-packages/pandas/core/computation/expr.py", line 420, in visit_Expr
    return self.visit(node.value, **kwargs)
           ^^^^^^^^^^^^^^^^^^^^^^^^^^^^^^^^
  File "/home/mohammad/w/AmlakNama/venv/lib/python3.12/site-packages/pandas/core/computation/expr.py", line 411, in visit
    return visitor(node, **kwargs)
           ^^^^^^^^^^^^^^^^^^^^^^^
  File "/home/mohammad/w/AmlakNama/venv/lib/python3.12/site-packages/pandas/core/computation/expr.py", line 742, in visit_BoolOp
    return reduce(visitor, operands)
           ^^^^^^^^^^^^^^^^^^^^^^^^^
  File "/home/mohammad/w/AmlakNama/venv/lib/python3.12/site-packages/pandas/core/computation/expr.py", line 735, in visitor
    lhs = self._try_visit_binop(x)
          ^^^^^^^^^^^^^^^^^^^^^^^^
  File "/home/mohammad/w/AmlakNama/venv/lib/python3.12/site-packages/pandas/core/computation/expr.py", line 731, in _try_visit_binop
    return self.visit(bop)
           ^^^^^^^^^^^^^^^
  File "/home/mohammad/w/AmlakNama/venv/lib/python3.12/site-packages/pandas/core/computation/expr.py", line 411, in visit
    return visitor(node, **kwargs)
           ^^^^^^^^^^^^^^^^^^^^^^^
  File "/home/mohammad/w/AmlakNama/venv/lib/python3.12/site-packages/pandas/core/computation/expr.py", line 715, in visit_Compare
    return self.visit(binop)
           ^^^^^^^^^^^^^^^^^
  File "/home/mohammad/w/AmlakNama/venv/lib/python3.12/site-packages/pandas/core/computation/expr.py", line 411, in visit
    return visitor(node, **kwargs)
           ^^^^^^^^^^^^^^^^^^^^^^^
  File "/home/mohammad/w/AmlakNama/venv/lib/python3.12/site-packages/pandas/core/computation/expr.py", line 531, in visit_BinOp
    op, op_class, left, right = self._maybe_transform_eq_ne(node)
                                ^^^^^^^^^^^^^^^^^^^^^^^^^^^^^^^^^
  File "/home/mohammad/w/AmlakNama/venv/lib/python3.12/site-packages/pandas/core/computation/expr.py", line 451, in _maybe_transform_eq_ne
    left = self.visit(node.left, side="left")
           ^^^^^^^^^^^^^^^^^^^^^^^^^^^^^^^^^^
  File "/home/mohammad/w/AmlakNama/venv/lib/python3.12/site-packages/pandas/core/computation/expr.py", line 411, in visit
    return visitor(node, **kwargs)
           ^^^^^^^^^^^^^^^^^^^^^^^
  File "/home/mohammad/w/AmlakNama/venv/lib/python3.12/site-packages/pandas/core/computation/expr.py", line 541, in visit_Name
    return self.term_type(node.id, self.env, **kwargs)
           ^^^^^^^^^^^^^^^^^^^^^^^^^^^^^^^^^^^^^^^^^^^
  File "/home/mohammad/w/AmlakNama/venv/lib/python3.12/site-packages/pandas/core/computation/ops.py", line 91, in __init__
    self._value = self._resolve_name()
                  ^^^^^^^^^^^^^^^^^^^^
  File "/home/mohammad/w/AmlakNama/venv/lib/python3.12/site-packages/pandas/core/computation/ops.py", line 115, in _resolve_name
    res = self.env.resolve(local_name, is_local=is_local)
          ^^^^^^^^^^^^^^^^^^^^^^^^^^^^^^^^^^^^^^^^^^^^^^^
  File "/home/mohammad/w/AmlakNama/venv/lib/python3.12/site-packages/pandas/core/computation/scope.py", line 244, in resolve
    raise UndefinedVariableError(key, is_local) from err
pandas.errors.UndefinedVariableError: name 'landuse' is not defined
2025-10-06 13:39:32,371: Watching for file changes with StatReloader
2025-10-06 13:39:40,759: Internal Server Error: /
Traceback (most recent call last):
  File "/home/mohammad/w/AmlakNama/venv/lib/python3.12/site-packages/pandas/core/computation/scope.py", line 231, in resolve
    return self.resolvers[key]
           ~~~~~~~~~~~~~~^^^^^
  File "/usr/lib/python3.12/collections/__init__.py", line 1015, in __getitem__
    return self.__missing__(key)            # support subclasses that define __missing__
           ^^^^^^^^^^^^^^^^^^^^^
  File "/usr/lib/python3.12/collections/__init__.py", line 1007, in __missing__
    raise KeyError(key)
KeyError: 'landuse'

During handling of the above exception, another exception occurred:

Traceback (most recent call last):
  File "/home/mohammad/w/AmlakNama/venv/lib/python3.12/site-packages/pandas/core/computation/scope.py", line 242, in resolve
    return self.temps[key]
           ~~~~~~~~~~^^^^^
KeyError: 'landuse'

The above exception was the direct cause of the following exception:

Traceback (most recent call last):
  File "/home/mohammad/w/AmlakNama/venv/lib/python3.12/site-packages/django/core/handlers/exception.py", line 55, in inner
    response = get_response(request)
               ^^^^^^^^^^^^^^^^^^^^^
  File "/home/mohammad/w/AmlakNama/venv/lib/python3.12/site-packages/django/core/handlers/base.py", line 197, in _get_response
    response = wrapped_callback(request, *callback_args, **callback_kwargs)
               ^^^^^^^^^^^^^^^^^^^^^^^^^^^^^^^^^^^^^^^^^^^^^^^^^^^^^^^^^^^^
  File "/home/mohammad/w/AmlakNama/venv/lib/python3.12/site-packages/django/views/decorators/csrf.py", line 65, in _view_wrapper
    return view_func(request, *args, **kwargs)
           ^^^^^^^^^^^^^^^^^^^^^^^^^^^^^^^^^^^
  File "/home/mohammad/w/AmlakNama/venv/lib/python3.12/site-packages/django/views/generic/base.py", line 104, in view
    return self.dispatch(request, *args, **kwargs)
           ^^^^^^^^^^^^^^^^^^^^^^^^^^^^^^^^^^^^^^^
  File "/home/mohammad/w/AmlakNama/venv/lib/python3.12/site-packages/rest_framework/views.py", line 515, in dispatch
    response = self.handle_exception(exc)
               ^^^^^^^^^^^^^^^^^^^^^^^^^^
  File "/home/mohammad/w/AmlakNama/venv/lib/python3.12/site-packages/rest_framework/views.py", line 475, in handle_exception
    self.raise_uncaught_exception(exc)
  File "/home/mohammad/w/AmlakNama/venv/lib/python3.12/site-packages/rest_framework/views.py", line 486, in raise_uncaught_exception
    raise exc
  File "/home/mohammad/w/AmlakNama/venv/lib/python3.12/site-packages/rest_framework/views.py", line 512, in dispatch
    response = handler(request, *args, **kwargs)
               ^^^^^^^^^^^^^^^^^^^^^^^^^^^^^^^^^
  File "/home/mohammad/w/AmlakNama/explore/views.py", line 26, in get
    map = createmap(
          ^^^^^^^^^^
  File "/home/mohammad/w/AmlakNama/explore/services.py", line 52, in createmap
    mp = Pgdf.query(f'landuse == "{lu}" and ptype == "{typ}"'+ txt)
         ^^^^^^^^^^^^^^^^^^^^^^^^^^^^^^^^^^^^^^^^^^^^^^^^^^^^^^^^^^
  File "/home/mohammad/w/AmlakNama/venv/lib/python3.12/site-packages/pandas/core/frame.py", line 4823, in query
    res = self.eval(expr, **kwargs)
          ^^^^^^^^^^^^^^^^^^^^^^^^^
  File "/home/mohammad/w/AmlakNama/venv/lib/python3.12/site-packages/pandas/core/frame.py", line 4949, in eval
    return _eval(expr, inplace=inplace, **kwargs)
           ^^^^^^^^^^^^^^^^^^^^^^^^^^^^^^^^^^^^^^
  File "/home/mohammad/w/AmlakNama/venv/lib/python3.12/site-packages/pandas/core/computation/eval.py", line 336, in eval
    parsed_expr = Expr(expr, engine=engine, parser=parser, env=env)
                  ^^^^^^^^^^^^^^^^^^^^^^^^^^^^^^^^^^^^^^^^^^^^^^^^^
  File "/home/mohammad/w/AmlakNama/venv/lib/python3.12/site-packages/pandas/core/computation/expr.py", line 805, in __init__
    self.terms = self.parse()
                 ^^^^^^^^^^^^
  File "/home/mohammad/w/AmlakNama/venv/lib/python3.12/site-packages/pandas/core/computation/expr.py", line 824, in parse
    return self._visitor.visit(self.expr)
           ^^^^^^^^^^^^^^^^^^^^^^^^^^^^^^
  File "/home/mohammad/w/AmlakNama/venv/lib/python3.12/site-packages/pandas/core/computation/expr.py", line 411, in visit
    return visitor(node, **kwargs)
           ^^^^^^^^^^^^^^^^^^^^^^^
  File "/home/mohammad/w/AmlakNama/venv/lib/python3.12/site-packages/pandas/core/computation/expr.py", line 417, in visit_Module
    return self.visit(expr, **kwargs)
           ^^^^^^^^^^^^^^^^^^^^^^^^^^
  File "/home/mohammad/w/AmlakNama/venv/lib/python3.12/site-packages/pandas/core/computation/expr.py", line 411, in visit
    return visitor(node, **kwargs)
           ^^^^^^^^^^^^^^^^^^^^^^^
  File "/home/mohammad/w/AmlakNama/venv/lib/python3.12/site-packages/pandas/core/computation/expr.py", line 420, in visit_Expr
    return self.visit(node.value, **kwargs)
           ^^^^^^^^^^^^^^^^^^^^^^^^^^^^^^^^
  File "/home/mohammad/w/AmlakNama/venv/lib/python3.12/site-packages/pandas/core/computation/expr.py", line 411, in visit
    return visitor(node, **kwargs)
           ^^^^^^^^^^^^^^^^^^^^^^^
  File "/home/mohammad/w/AmlakNama/venv/lib/python3.12/site-packages/pandas/core/computation/expr.py", line 742, in visit_BoolOp
    return reduce(visitor, operands)
           ^^^^^^^^^^^^^^^^^^^^^^^^^
  File "/home/mohammad/w/AmlakNama/venv/lib/python3.12/site-packages/pandas/core/computation/expr.py", line 735, in visitor
    lhs = self._try_visit_binop(x)
          ^^^^^^^^^^^^^^^^^^^^^^^^
  File "/home/mohammad/w/AmlakNama/venv/lib/python3.12/site-packages/pandas/core/computation/expr.py", line 731, in _try_visit_binop
    return self.visit(bop)
           ^^^^^^^^^^^^^^^
  File "/home/mohammad/w/AmlakNama/venv/lib/python3.12/site-packages/pandas/core/computation/expr.py", line 411, in visit
    return visitor(node, **kwargs)
           ^^^^^^^^^^^^^^^^^^^^^^^
  File "/home/mohammad/w/AmlakNama/venv/lib/python3.12/site-packages/pandas/core/computation/expr.py", line 715, in visit_Compare
    return self.visit(binop)
           ^^^^^^^^^^^^^^^^^
  File "/home/mohammad/w/AmlakNama/venv/lib/python3.12/site-packages/pandas/core/computation/expr.py", line 411, in visit
    return visitor(node, **kwargs)
           ^^^^^^^^^^^^^^^^^^^^^^^
  File "/home/mohammad/w/AmlakNama/venv/lib/python3.12/site-packages/pandas/core/computation/expr.py", line 531, in visit_BinOp
    op, op_class, left, right = self._maybe_transform_eq_ne(node)
                                ^^^^^^^^^^^^^^^^^^^^^^^^^^^^^^^^^
  File "/home/mohammad/w/AmlakNama/venv/lib/python3.12/site-packages/pandas/core/computation/expr.py", line 451, in _maybe_transform_eq_ne
    left = self.visit(node.left, side="left")
           ^^^^^^^^^^^^^^^^^^^^^^^^^^^^^^^^^^
  File "/home/mohammad/w/AmlakNama/venv/lib/python3.12/site-packages/pandas/core/computation/expr.py", line 411, in visit
    return visitor(node, **kwargs)
           ^^^^^^^^^^^^^^^^^^^^^^^
  File "/home/mohammad/w/AmlakNama/venv/lib/python3.12/site-packages/pandas/core/computation/expr.py", line 541, in visit_Name
    return self.term_type(node.id, self.env, **kwargs)
           ^^^^^^^^^^^^^^^^^^^^^^^^^^^^^^^^^^^^^^^^^^^
  File "/home/mohammad/w/AmlakNama/venv/lib/python3.12/site-packages/pandas/core/computation/ops.py", line 91, in __init__
    self._value = self._resolve_name()
                  ^^^^^^^^^^^^^^^^^^^^
  File "/home/mohammad/w/AmlakNama/venv/lib/python3.12/site-packages/pandas/core/computation/ops.py", line 115, in _resolve_name
    res = self.env.resolve(local_name, is_local=is_local)
          ^^^^^^^^^^^^^^^^^^^^^^^^^^^^^^^^^^^^^^^^^^^^^^^
  File "/home/mohammad/w/AmlakNama/venv/lib/python3.12/site-packages/pandas/core/computation/scope.py", line 244, in resolve
    raise UndefinedVariableError(key, is_local) from err
pandas.errors.UndefinedVariableError: name 'landuse' is not defined
2025-10-06 13:41:50,987: Internal Server Error: /
Traceback (most recent call last):
  File "/home/mohammad/w/AmlakNama/venv/lib/python3.12/site-packages/pandas/core/computation/scope.py", line 231, in resolve
    return self.resolvers[key]
           ~~~~~~~~~~~~~~^^^^^
  File "/usr/lib/python3.12/collections/__init__.py", line 1015, in __getitem__
    return self.__missing__(key)            # support subclasses that define __missing__
           ^^^^^^^^^^^^^^^^^^^^^
  File "/usr/lib/python3.12/collections/__init__.py", line 1007, in __missing__
    raise KeyError(key)
KeyError: 'landuse'

During handling of the above exception, another exception occurred:

Traceback (most recent call last):
  File "/home/mohammad/w/AmlakNama/venv/lib/python3.12/site-packages/pandas/core/computation/scope.py", line 242, in resolve
    return self.temps[key]
           ~~~~~~~~~~^^^^^
KeyError: 'landuse'

The above exception was the direct cause of the following exception:

Traceback (most recent call last):
  File "/home/mohammad/w/AmlakNama/venv/lib/python3.12/site-packages/django/core/handlers/exception.py", line 55, in inner
    response = get_response(request)
               ^^^^^^^^^^^^^^^^^^^^^
  File "/home/mohammad/w/AmlakNama/venv/lib/python3.12/site-packages/django/core/handlers/base.py", line 197, in _get_response
    response = wrapped_callback(request, *callback_args, **callback_kwargs)
               ^^^^^^^^^^^^^^^^^^^^^^^^^^^^^^^^^^^^^^^^^^^^^^^^^^^^^^^^^^^^
  File "/home/mohammad/w/AmlakNama/venv/lib/python3.12/site-packages/django/views/decorators/csrf.py", line 65, in _view_wrapper
    return view_func(request, *args, **kwargs)
           ^^^^^^^^^^^^^^^^^^^^^^^^^^^^^^^^^^^
  File "/home/mohammad/w/AmlakNama/venv/lib/python3.12/site-packages/django/views/generic/base.py", line 104, in view
    return self.dispatch(request, *args, **kwargs)
           ^^^^^^^^^^^^^^^^^^^^^^^^^^^^^^^^^^^^^^^
  File "/home/mohammad/w/AmlakNama/venv/lib/python3.12/site-packages/rest_framework/views.py", line 515, in dispatch
    response = self.handle_exception(exc)
               ^^^^^^^^^^^^^^^^^^^^^^^^^^
  File "/home/mohammad/w/AmlakNama/venv/lib/python3.12/site-packages/rest_framework/views.py", line 475, in handle_exception
    self.raise_uncaught_exception(exc)
  File "/home/mohammad/w/AmlakNama/venv/lib/python3.12/site-packages/rest_framework/views.py", line 486, in raise_uncaught_exception
    raise exc
  File "/home/mohammad/w/AmlakNama/venv/lib/python3.12/site-packages/rest_framework/views.py", line 512, in dispatch
    response = handler(request, *args, **kwargs)
               ^^^^^^^^^^^^^^^^^^^^^^^^^^^^^^^^^
  File "/home/mohammad/w/AmlakNama/explore/views.py", line 26, in get
    map = createmap(
          ^^^^^^^^^^
  File "/home/mohammad/w/AmlakNama/explore/services.py", line 52, in createmap
    mp = Pgdf.query(f'landuse == "{lu}" and ptype == "{typ}"'+ txt)
         ^^^^^^^^^^^^^^^^^^^^^^^^^^^^^^^^^^^^^^^^^^^^^^^^^^^^^^^^^^
  File "/home/mohammad/w/AmlakNama/venv/lib/python3.12/site-packages/pandas/core/frame.py", line 4823, in query
    res = self.eval(expr, **kwargs)
          ^^^^^^^^^^^^^^^^^^^^^^^^^
  File "/home/mohammad/w/AmlakNama/venv/lib/python3.12/site-packages/pandas/core/frame.py", line 4949, in eval
    return _eval(expr, inplace=inplace, **kwargs)
           ^^^^^^^^^^^^^^^^^^^^^^^^^^^^^^^^^^^^^^
  File "/home/mohammad/w/AmlakNama/venv/lib/python3.12/site-packages/pandas/core/computation/eval.py", line 336, in eval
    parsed_expr = Expr(expr, engine=engine, parser=parser, env=env)
                  ^^^^^^^^^^^^^^^^^^^^^^^^^^^^^^^^^^^^^^^^^^^^^^^^^
  File "/home/mohammad/w/AmlakNama/venv/lib/python3.12/site-packages/pandas/core/computation/expr.py", line 805, in __init__
    self.terms = self.parse()
                 ^^^^^^^^^^^^
  File "/home/mohammad/w/AmlakNama/venv/lib/python3.12/site-packages/pandas/core/computation/expr.py", line 824, in parse
    return self._visitor.visit(self.expr)
           ^^^^^^^^^^^^^^^^^^^^^^^^^^^^^^
  File "/home/mohammad/w/AmlakNama/venv/lib/python3.12/site-packages/pandas/core/computation/expr.py", line 411, in visit
    return visitor(node, **kwargs)
           ^^^^^^^^^^^^^^^^^^^^^^^
  File "/home/mohammad/w/AmlakNama/venv/lib/python3.12/site-packages/pandas/core/computation/expr.py", line 417, in visit_Module
    return self.visit(expr, **kwargs)
           ^^^^^^^^^^^^^^^^^^^^^^^^^^
  File "/home/mohammad/w/AmlakNama/venv/lib/python3.12/site-packages/pandas/core/computation/expr.py", line 411, in visit
    return visitor(node, **kwargs)
           ^^^^^^^^^^^^^^^^^^^^^^^
  File "/home/mohammad/w/AmlakNama/venv/lib/python3.12/site-packages/pandas/core/computation/expr.py", line 420, in visit_Expr
    return self.visit(node.value, **kwargs)
           ^^^^^^^^^^^^^^^^^^^^^^^^^^^^^^^^
  File "/home/mohammad/w/AmlakNama/venv/lib/python3.12/site-packages/pandas/core/computation/expr.py", line 411, in visit
    return visitor(node, **kwargs)
           ^^^^^^^^^^^^^^^^^^^^^^^
  File "/home/mohammad/w/AmlakNama/venv/lib/python3.12/site-packages/pandas/core/computation/expr.py", line 742, in visit_BoolOp
    return reduce(visitor, operands)
           ^^^^^^^^^^^^^^^^^^^^^^^^^
  File "/home/mohammad/w/AmlakNama/venv/lib/python3.12/site-packages/pandas/core/computation/expr.py", line 735, in visitor
    lhs = self._try_visit_binop(x)
          ^^^^^^^^^^^^^^^^^^^^^^^^
  File "/home/mohammad/w/AmlakNama/venv/lib/python3.12/site-packages/pandas/core/computation/expr.py", line 731, in _try_visit_binop
    return self.visit(bop)
           ^^^^^^^^^^^^^^^
  File "/home/mohammad/w/AmlakNama/venv/lib/python3.12/site-packages/pandas/core/computation/expr.py", line 411, in visit
    return visitor(node, **kwargs)
           ^^^^^^^^^^^^^^^^^^^^^^^
  File "/home/mohammad/w/AmlakNama/venv/lib/python3.12/site-packages/pandas/core/computation/expr.py", line 715, in visit_Compare
    return self.visit(binop)
           ^^^^^^^^^^^^^^^^^
  File "/home/mohammad/w/AmlakNama/venv/lib/python3.12/site-packages/pandas/core/computation/expr.py", line 411, in visit
    return visitor(node, **kwargs)
           ^^^^^^^^^^^^^^^^^^^^^^^
  File "/home/mohammad/w/AmlakNama/venv/lib/python3.12/site-packages/pandas/core/computation/expr.py", line 531, in visit_BinOp
    op, op_class, left, right = self._maybe_transform_eq_ne(node)
                                ^^^^^^^^^^^^^^^^^^^^^^^^^^^^^^^^^
  File "/home/mohammad/w/AmlakNama/venv/lib/python3.12/site-packages/pandas/core/computation/expr.py", line 451, in _maybe_transform_eq_ne
    left = self.visit(node.left, side="left")
           ^^^^^^^^^^^^^^^^^^^^^^^^^^^^^^^^^^
  File "/home/mohammad/w/AmlakNama/venv/lib/python3.12/site-packages/pandas/core/computation/expr.py", line 411, in visit
    return visitor(node, **kwargs)
           ^^^^^^^^^^^^^^^^^^^^^^^
  File "/home/mohammad/w/AmlakNama/venv/lib/python3.12/site-packages/pandas/core/computation/expr.py", line 541, in visit_Name
    return self.term_type(node.id, self.env, **kwargs)
           ^^^^^^^^^^^^^^^^^^^^^^^^^^^^^^^^^^^^^^^^^^^
  File "/home/mohammad/w/AmlakNama/venv/lib/python3.12/site-packages/pandas/core/computation/ops.py", line 91, in __init__
    self._value = self._resolve_name()
                  ^^^^^^^^^^^^^^^^^^^^
  File "/home/mohammad/w/AmlakNama/venv/lib/python3.12/site-packages/pandas/core/computation/ops.py", line 115, in _resolve_name
    res = self.env.resolve(local_name, is_local=is_local)
          ^^^^^^^^^^^^^^^^^^^^^^^^^^^^^^^^^^^^^^^^^^^^^^^
  File "/home/mohammad/w/AmlakNama/venv/lib/python3.12/site-packages/pandas/core/computation/scope.py", line 244, in resolve
    raise UndefinedVariableError(key, is_local) from err
pandas.errors.UndefinedVariableError: name 'landuse' is not defined
2025-10-06 13:43:57,539: Created 2,339 records
2025-10-06 13:43:58,533: Created 891 records
2025-10-06 13:43:58,612: Created 891 records
2025-10-06 13:43:58,613: updateData/shp/polymean.shp is Created
2025-10-06 13:44:46,979: Internal Server Error: /
Traceback (most recent call last):
  File "/home/mohammad/w/AmlakNama/venv/lib/python3.12/site-packages/django/core/handlers/exception.py", line 55, in inner
    response = get_response(request)
               ^^^^^^^^^^^^^^^^^^^^^
  File "/home/mohammad/w/AmlakNama/venv/lib/python3.12/site-packages/django/core/handlers/base.py", line 197, in _get_response
    response = wrapped_callback(request, *callback_args, **callback_kwargs)
               ^^^^^^^^^^^^^^^^^^^^^^^^^^^^^^^^^^^^^^^^^^^^^^^^^^^^^^^^^^^^
  File "/home/mohammad/w/AmlakNama/venv/lib/python3.12/site-packages/django/views/decorators/csrf.py", line 65, in _view_wrapper
    return view_func(request, *args, **kwargs)
           ^^^^^^^^^^^^^^^^^^^^^^^^^^^^^^^^^^^
  File "/home/mohammad/w/AmlakNama/venv/lib/python3.12/site-packages/django/views/generic/base.py", line 104, in view
    return self.dispatch(request, *args, **kwargs)
           ^^^^^^^^^^^^^^^^^^^^^^^^^^^^^^^^^^^^^^^
  File "/home/mohammad/w/AmlakNama/venv/lib/python3.12/site-packages/rest_framework/views.py", line 515, in dispatch
    response = self.handle_exception(exc)
               ^^^^^^^^^^^^^^^^^^^^^^^^^^
  File "/home/mohammad/w/AmlakNama/venv/lib/python3.12/site-packages/rest_framework/views.py", line 475, in handle_exception
    self.raise_uncaught_exception(exc)
  File "/home/mohammad/w/AmlakNama/venv/lib/python3.12/site-packages/rest_framework/views.py", line 486, in raise_uncaught_exception
    raise exc
  File "/home/mohammad/w/AmlakNama/venv/lib/python3.12/site-packages/rest_framework/views.py", line 512, in dispatch
    response = handler(request, *args, **kwargs)
               ^^^^^^^^^^^^^^^^^^^^^^^^^^^^^^^^^
  File "/home/mohammad/w/AmlakNama/explore/views.py", line 26, in get
    map = createmap(
          ^^^^^^^^^^
  File "/home/mohammad/w/AmlakNama/explore/services.py", line 69, in createmap
    m.save(r"explore/static/explore/map/myhtml.html")
  File "/home/mohammad/w/AmlakNama/venv/lib/python3.12/site-packages/branca/element.py", line 228, in save
    html = root.render(**kwargs)
           ^^^^^^^^^^^^^^^^^^^^^
  File "/home/mohammad/w/AmlakNama/venv/lib/python3.12/site-packages/branca/element.py", line 405, in render
    child.render(**kwargs)
  File "/home/mohammad/w/AmlakNama/venv/lib/python3.12/site-packages/folium/folium.py", line 418, in render
    super().render(**kwargs)
  File "/home/mohammad/w/AmlakNama/venv/lib/python3.12/site-packages/folium/elements.py", line 27, in render
    super().render(**kwargs)
  File "/home/mohammad/w/AmlakNama/venv/lib/python3.12/site-packages/branca/element.py", line 736, in render
    element.render(**kwargs)
  File "/home/mohammad/w/AmlakNama/venv/lib/python3.12/site-packages/folium/features.py", line 835, in render
    super().render()
  File "/home/mohammad/w/AmlakNama/venv/lib/python3.12/site-packages/folium/map.py", line 80, in render
    super().render(**kwargs)
  File "/home/mohammad/w/AmlakNama/venv/lib/python3.12/site-packages/branca/element.py", line 736, in render
    element.render(**kwargs)
  File "/home/mohammad/w/AmlakNama/venv/lib/python3.12/site-packages/folium/features.py", line 1191, in render
    value in keys
AssertionError: The field NAME_MAHAL is not available in the data. Choose from: ('landuse', 'ptype', 'price', 'mortgage', 'rent', 'name_mahal', 'reg_no', '__folium_color').
2025-10-06 13:45:47,848: /home/mohammad/w/AmlakNama/explore/services.py changed, reloading.
2025-10-06 13:45:49,220: Watching for file changes with StatReloader
2025-10-06 13:46:42,491: Created 2,339 records
2025-10-06 13:46:43,378: Created 891 records
2025-10-06 13:46:43,484: Created 891 records
2025-10-06 13:46:43,485: updateData/shp/polymean.shp is Created
2025-10-06 13:59:24,646: Method Not Allowed: /index/
2025-10-06 14:03:44,992: /home/mohammad/w/AmlakNama/explore/views.py changed, reloading.
2025-10-06 14:03:46,366: Watching for file changes with StatReloader
2025-10-06 14:05:01,848: /home/mohammad/w/AmlakNama/explore/views.py changed, reloading.
2025-10-06 14:05:03,141: Watching for file changes with StatReloader
2025-10-06 14:11:05,217: Not Found: /favicon.ico
2025-10-06 14:12:52,126: /home/mohammad/w/AmlakNama/explore/services.py changed, reloading.
2025-10-06 14:12:53,401: Watching for file changes with StatReloader
2025-10-06 14:13:15,379: Not Found: /favicon.ico
2025-10-06 14:13:25,344: /home/mohammad/w/AmlakNama/explore/services.py changed, reloading.
2025-10-06 14:13:26,565: Watching for file changes with StatReloader
2025-10-06 14:13:41,633: Not Found: /favicon.ico
2025-10-06 14:18:33,268: /home/mohammad/w/AmlakNama/explore/services.py changed, reloading.
2025-10-06 14:18:34,486: Watching for file changes with StatReloader
2025-10-06 14:18:56,383: Not Found: /favicon.ico
2025-10-06 14:19:14,854: Watching for file changes with StatReloader
2025-10-06 14:20:08,978: Created 2,339 records
2025-10-06 14:20:09,875: Created 891 records
2025-10-06 14:20:09,952: Created 891 records
2025-10-06 14:20:09,953: updateData/shp/polymean.shp is Created
2025-10-06 14:20:44,457: /home/mohammad/w/AmlakNama/explore/services.py changed, reloading.
2025-10-06 14:20:45,710: Watching for file changes with StatReloader
2025-10-06 14:21:20,959: Created 2,339 records
2025-10-06 14:21:21,850: Created 891 records
2025-10-06 14:21:21,961: Created 891 records
2025-10-06 14:21:21,962: updateData/shp/polymean.shp is Created
2025-10-06 14:21:56,996: /home/mohammad/w/AmlakNama/explore/services.py changed, reloading.
2025-10-06 14:21:58,329: Watching for file changes with StatReloader
2025-10-06 14:22:14,193: Not Found: /favicon.ico
2025-10-06 14:22:40,970: Created 2,339 records
2025-10-06 14:22:41,922: Created 891 records
2025-10-06 14:22:42,070: Created 891 records
2025-10-06 14:22:42,078: updateData/shp/polymean.shp is Created
2025-10-06 14:23:31,730: Watching for file changes with StatReloader
2025-10-06 14:24:11,963: Not Found: /favicon.ico
2025-10-06 14:24:25,162: Not Found: /favicon.ico
2025-10-06 14:27:29,792: /home/mohammad/w/AmlakNama/explore/services.py changed, reloading.
2025-10-06 14:27:31,157: Watching for file changes with StatReloader
2025-10-06 14:27:37,000: /home/mohammad/w/AmlakNama/explore/services.py changed, reloading.
2025-10-06 14:27:37,923: Watching for file changes with StatReloader
2025-10-06 14:29:32,121: Internal Server Error: /index/
Traceback (most recent call last):
  File "/home/mohammad/w/AmlakNama/venv/lib/python3.12/site-packages/django/core/handlers/exception.py", line 55, in inner
    response = get_response(request)
               ^^^^^^^^^^^^^^^^^^^^^
  File "/home/mohammad/w/AmlakNama/venv/lib/python3.12/site-packages/django/core/handlers/base.py", line 197, in _get_response
    response = wrapped_callback(request, *callback_args, **callback_kwargs)
               ^^^^^^^^^^^^^^^^^^^^^^^^^^^^^^^^^^^^^^^^^^^^^^^^^^^^^^^^^^^^
  File "/home/mohammad/w/AmlakNama/venv/lib/python3.12/site-packages/django/views/decorators/csrf.py", line 65, in _view_wrapper
    return view_func(request, *args, **kwargs)
           ^^^^^^^^^^^^^^^^^^^^^^^^^^^^^^^^^^^
  File "/home/mohammad/w/AmlakNama/venv/lib/python3.12/site-packages/django/views/generic/base.py", line 104, in view
    return self.dispatch(request, *args, **kwargs)
           ^^^^^^^^^^^^^^^^^^^^^^^^^^^^^^^^^^^^^^^
  File "/home/mohammad/w/AmlakNama/venv/lib/python3.12/site-packages/rest_framework/views.py", line 515, in dispatch
    response = self.handle_exception(exc)
               ^^^^^^^^^^^^^^^^^^^^^^^^^^
  File "/home/mohammad/w/AmlakNama/venv/lib/python3.12/site-packages/rest_framework/views.py", line 475, in handle_exception
    self.raise_uncaught_exception(exc)
  File "/home/mohammad/w/AmlakNama/venv/lib/python3.12/site-packages/rest_framework/views.py", line 486, in raise_uncaught_exception
    raise exc
  File "/home/mohammad/w/AmlakNama/venv/lib/python3.12/site-packages/rest_framework/views.py", line 512, in dispatch
    response = handler(request, *args, **kwargs)
               ^^^^^^^^^^^^^^^^^^^^^^^^^^^^^^^^^
  File "/home/mohammad/w/AmlakNama/explore/views.py", line 26, in get
    map = createmap(
          ^^^^^^^^^^
  File "/home/mohammad/w/AmlakNama/explore/services.py", line 24, in createmap
    Pgdf = geopandas.GeoDataFrame(data=data,crs='EPSG:32639')
           ^^^^^^^^^^^^^^^^^^^^^^^^^^^^^^^^^^^^^^^^^^^^^^^^^^
  File "/home/mohammad/w/AmlakNama/venv/lib/python3.12/site-packages/geopandas/geodataframe.py", line 212, in __init__
    raise ValueError(
ValueError: Assigning CRS to a GeoDataFrame without a geometry column is not supported. Supply geometry using the 'geometry=' keyword argument, or by providing a DataFrame with column name 'geometry'
2025-10-06 14:29:32,392: Not Found: /favicon.ico
2025-10-06 14:29:54,459: Created 2,339 records
2025-10-06 14:29:55,299: Created 891 records
2025-10-06 14:29:55,396: Created 891 records
2025-10-06 14:29:55,396: updateData/shp/polymean.shp is Created
